ARM GAS  /tmp/ccYSBdAa.s 			page 1


   1              		.cpu cortex-m4
   2              		.eabi_attribute 27, 1
   3              		.eabi_attribute 28, 1
   4              		.eabi_attribute 20, 1
   5              		.eabi_attribute 21, 1
   6              		.eabi_attribute 23, 3
   7              		.eabi_attribute 24, 1
   8              		.eabi_attribute 25, 1
   9              		.eabi_attribute 26, 1
  10              		.eabi_attribute 30, 1
  11              		.eabi_attribute 34, 1
  12              		.eabi_attribute 18, 4
  13              		.file	"gpio.c"
  14              		.text
  15              	.Ltext0:
  16              		.cfi_sections	.debug_frame
  17              		.section	.text.MX_GPIO_Init,"ax",%progbits
  18              		.align	1
  19              		.global	MX_GPIO_Init
  20              		.arch armv7e-m
  21              		.syntax unified
  22              		.thumb
  23              		.thumb_func
  24              		.fpu fpv4-sp-d16
  26              	MX_GPIO_Init:
  27              	.LFB130:
  28              		.file 1 "Core/Src/gpio.c"
   1:Core/Src/gpio.c **** /* USER CODE BEGIN Header */
   2:Core/Src/gpio.c **** /**
   3:Core/Src/gpio.c ****   ******************************************************************************
   4:Core/Src/gpio.c ****   * @file    gpio.c
   5:Core/Src/gpio.c ****   * @brief   This file provides code for the configuration
   6:Core/Src/gpio.c ****   *          of all used GPIO pins.
   7:Core/Src/gpio.c ****   ******************************************************************************
   8:Core/Src/gpio.c ****   * @attention
   9:Core/Src/gpio.c ****   *
  10:Core/Src/gpio.c ****   * Copyright (c) 2022 STMicroelectronics.
  11:Core/Src/gpio.c ****   * All rights reserved.
  12:Core/Src/gpio.c ****   *
  13:Core/Src/gpio.c ****   * This software is licensed under terms that can be found in the LICENSE file
  14:Core/Src/gpio.c ****   * in the root directory of this software component.
  15:Core/Src/gpio.c ****   * If no LICENSE file comes with this software, it is provided AS-IS.
  16:Core/Src/gpio.c ****   *
  17:Core/Src/gpio.c ****   ******************************************************************************
  18:Core/Src/gpio.c ****   */
  19:Core/Src/gpio.c **** /* USER CODE END Header */
  20:Core/Src/gpio.c **** 
  21:Core/Src/gpio.c **** /* Includes ------------------------------------------------------------------*/
  22:Core/Src/gpio.c **** #include "gpio.h"
  23:Core/Src/gpio.c **** 
  24:Core/Src/gpio.c **** /* USER CODE BEGIN 0 */
  25:Core/Src/gpio.c **** 
  26:Core/Src/gpio.c **** /* USER CODE END 0 */
  27:Core/Src/gpio.c **** 
  28:Core/Src/gpio.c **** /*----------------------------------------------------------------------------*/
  29:Core/Src/gpio.c **** /* Configure GPIO                                                             */
  30:Core/Src/gpio.c **** /*----------------------------------------------------------------------------*/
ARM GAS  /tmp/ccYSBdAa.s 			page 2


  31:Core/Src/gpio.c **** /* USER CODE BEGIN 1 */
  32:Core/Src/gpio.c **** 
  33:Core/Src/gpio.c **** /* USER CODE END 1 */
  34:Core/Src/gpio.c **** 
  35:Core/Src/gpio.c **** /** Configure pins as
  36:Core/Src/gpio.c ****         * Analog
  37:Core/Src/gpio.c ****         * Input
  38:Core/Src/gpio.c ****         * Output
  39:Core/Src/gpio.c ****         * EVENT_OUT
  40:Core/Src/gpio.c ****         * EXTI
  41:Core/Src/gpio.c **** */
  42:Core/Src/gpio.c **** void MX_GPIO_Init(void)
  43:Core/Src/gpio.c **** {
  29              		.loc 1 43 1 view -0
  30              		.cfi_startproc
  31              		@ args = 0, pretend = 0, frame = 48
  32              		@ frame_needed = 0, uses_anonymous_args = 0
  33 0000 2DE9F043 		push	{r4, r5, r6, r7, r8, r9, lr}
  34              	.LCFI0:
  35              		.cfi_def_cfa_offset 28
  36              		.cfi_offset 4, -28
  37              		.cfi_offset 5, -24
  38              		.cfi_offset 6, -20
  39              		.cfi_offset 7, -16
  40              		.cfi_offset 8, -12
  41              		.cfi_offset 9, -8
  42              		.cfi_offset 14, -4
  43 0004 8DB0     		sub	sp, sp, #52
  44              	.LCFI1:
  45              		.cfi_def_cfa_offset 80
  44:Core/Src/gpio.c **** 
  45:Core/Src/gpio.c ****   GPIO_InitTypeDef GPIO_InitStruct = {0};
  46              		.loc 1 45 3 view .LVU1
  47              		.loc 1 45 20 is_stmt 0 view .LVU2
  48 0006 0024     		movs	r4, #0
  49 0008 0794     		str	r4, [sp, #28]
  50 000a 0894     		str	r4, [sp, #32]
  51 000c 0994     		str	r4, [sp, #36]
  52 000e 0A94     		str	r4, [sp, #40]
  53 0010 0B94     		str	r4, [sp, #44]
  46:Core/Src/gpio.c **** 
  47:Core/Src/gpio.c ****   /* GPIO Ports Clock Enable */
  48:Core/Src/gpio.c ****   __HAL_RCC_GPIOE_CLK_ENABLE();
  54              		.loc 1 48 3 is_stmt 1 view .LVU3
  55              	.LBB2:
  56              		.loc 1 48 3 view .LVU4
  57 0012 0094     		str	r4, [sp]
  58              		.loc 1 48 3 view .LVU5
  59 0014 4A4B     		ldr	r3, .L3
  60 0016 1A6B     		ldr	r2, [r3, #48]
  61 0018 42F01002 		orr	r2, r2, #16
  62 001c 1A63     		str	r2, [r3, #48]
  63              		.loc 1 48 3 view .LVU6
  64 001e 1A6B     		ldr	r2, [r3, #48]
  65 0020 02F01002 		and	r2, r2, #16
  66 0024 0092     		str	r2, [sp]
  67              		.loc 1 48 3 view .LVU7
ARM GAS  /tmp/ccYSBdAa.s 			page 3


  68 0026 009A     		ldr	r2, [sp]
  69              	.LBE2:
  70              		.loc 1 48 3 view .LVU8
  49:Core/Src/gpio.c ****   __HAL_RCC_GPIOF_CLK_ENABLE();
  71              		.loc 1 49 3 view .LVU9
  72              	.LBB3:
  73              		.loc 1 49 3 view .LVU10
  74 0028 0194     		str	r4, [sp, #4]
  75              		.loc 1 49 3 view .LVU11
  76 002a 1A6B     		ldr	r2, [r3, #48]
  77 002c 42F02002 		orr	r2, r2, #32
  78 0030 1A63     		str	r2, [r3, #48]
  79              		.loc 1 49 3 view .LVU12
  80 0032 1A6B     		ldr	r2, [r3, #48]
  81 0034 02F02002 		and	r2, r2, #32
  82 0038 0192     		str	r2, [sp, #4]
  83              		.loc 1 49 3 view .LVU13
  84 003a 019A     		ldr	r2, [sp, #4]
  85              	.LBE3:
  86              		.loc 1 49 3 view .LVU14
  50:Core/Src/gpio.c ****   __HAL_RCC_GPIOH_CLK_ENABLE();
  87              		.loc 1 50 3 view .LVU15
  88              	.LBB4:
  89              		.loc 1 50 3 view .LVU16
  90 003c 0294     		str	r4, [sp, #8]
  91              		.loc 1 50 3 view .LVU17
  92 003e 1A6B     		ldr	r2, [r3, #48]
  93 0040 42F08002 		orr	r2, r2, #128
  94 0044 1A63     		str	r2, [r3, #48]
  95              		.loc 1 50 3 view .LVU18
  96 0046 1A6B     		ldr	r2, [r3, #48]
  97 0048 02F08002 		and	r2, r2, #128
  98 004c 0292     		str	r2, [sp, #8]
  99              		.loc 1 50 3 view .LVU19
 100 004e 029A     		ldr	r2, [sp, #8]
 101              	.LBE4:
 102              		.loc 1 50 3 view .LVU20
  51:Core/Src/gpio.c ****   __HAL_RCC_GPIOD_CLK_ENABLE();
 103              		.loc 1 51 3 view .LVU21
 104              	.LBB5:
 105              		.loc 1 51 3 view .LVU22
 106 0050 0394     		str	r4, [sp, #12]
 107              		.loc 1 51 3 view .LVU23
 108 0052 1A6B     		ldr	r2, [r3, #48]
 109 0054 42F00802 		orr	r2, r2, #8
 110 0058 1A63     		str	r2, [r3, #48]
 111              		.loc 1 51 3 view .LVU24
 112 005a 1A6B     		ldr	r2, [r3, #48]
 113 005c 02F00802 		and	r2, r2, #8
 114 0060 0392     		str	r2, [sp, #12]
 115              		.loc 1 51 3 view .LVU25
 116 0062 039A     		ldr	r2, [sp, #12]
 117              	.LBE5:
 118              		.loc 1 51 3 view .LVU26
  52:Core/Src/gpio.c ****   __HAL_RCC_GPIOG_CLK_ENABLE();
 119              		.loc 1 52 3 view .LVU27
 120              	.LBB6:
ARM GAS  /tmp/ccYSBdAa.s 			page 4


 121              		.loc 1 52 3 view .LVU28
 122 0064 0494     		str	r4, [sp, #16]
 123              		.loc 1 52 3 view .LVU29
 124 0066 1A6B     		ldr	r2, [r3, #48]
 125 0068 42F04002 		orr	r2, r2, #64
 126 006c 1A63     		str	r2, [r3, #48]
 127              		.loc 1 52 3 view .LVU30
 128 006e 1A6B     		ldr	r2, [r3, #48]
 129 0070 02F04002 		and	r2, r2, #64
 130 0074 0492     		str	r2, [sp, #16]
 131              		.loc 1 52 3 view .LVU31
 132 0076 049A     		ldr	r2, [sp, #16]
 133              	.LBE6:
 134              		.loc 1 52 3 view .LVU32
  53:Core/Src/gpio.c ****   __HAL_RCC_GPIOA_CLK_ENABLE();
 135              		.loc 1 53 3 view .LVU33
 136              	.LBB7:
 137              		.loc 1 53 3 view .LVU34
 138 0078 0594     		str	r4, [sp, #20]
 139              		.loc 1 53 3 view .LVU35
 140 007a 1A6B     		ldr	r2, [r3, #48]
 141 007c 42F00102 		orr	r2, r2, #1
 142 0080 1A63     		str	r2, [r3, #48]
 143              		.loc 1 53 3 view .LVU36
 144 0082 1A6B     		ldr	r2, [r3, #48]
 145 0084 02F00102 		and	r2, r2, #1
 146 0088 0592     		str	r2, [sp, #20]
 147              		.loc 1 53 3 view .LVU37
 148 008a 059A     		ldr	r2, [sp, #20]
 149              	.LBE7:
 150              		.loc 1 53 3 view .LVU38
  54:Core/Src/gpio.c ****   __HAL_RCC_GPIOC_CLK_ENABLE();
 151              		.loc 1 54 3 view .LVU39
 152              	.LBB8:
 153              		.loc 1 54 3 view .LVU40
 154 008c 0694     		str	r4, [sp, #24]
 155              		.loc 1 54 3 view .LVU41
 156 008e 1A6B     		ldr	r2, [r3, #48]
 157 0090 42F00402 		orr	r2, r2, #4
 158 0094 1A63     		str	r2, [r3, #48]
 159              		.loc 1 54 3 view .LVU42
 160 0096 1B6B     		ldr	r3, [r3, #48]
 161 0098 03F00403 		and	r3, r3, #4
 162 009c 0693     		str	r3, [sp, #24]
 163              		.loc 1 54 3 view .LVU43
 164 009e 069B     		ldr	r3, [sp, #24]
 165              	.LBE8:
 166              		.loc 1 54 3 view .LVU44
  55:Core/Src/gpio.c **** 
  56:Core/Src/gpio.c ****   /*Configure GPIO pin Output Level */
  57:Core/Src/gpio.c ****   HAL_GPIO_WritePin(GPIOE, D6_Pin|D7_Pin|RS_Pin|EN_Pin
 167              		.loc 1 57 3 view .LVU45
 168 00a0 DFF8AC90 		ldr	r9, .L3+16
 169 00a4 2246     		mov	r2, r4
 170 00a6 3F21     		movs	r1, #63
 171 00a8 4846     		mov	r0, r9
 172 00aa FFF7FEFF 		bl	HAL_GPIO_WritePin
ARM GAS  /tmp/ccYSBdAa.s 			page 5


 173              	.LVL0:
  58:Core/Src/gpio.c ****                           |D4_Pin|D5_Pin, GPIO_PIN_RESET);
  59:Core/Src/gpio.c **** 
  60:Core/Src/gpio.c ****   /*Configure GPIO pin Output Level */
  61:Core/Src/gpio.c ****   HAL_GPIO_WritePin(GPIOF, S1_Pin|S2_Pin|S3_Pin|S4_Pin
 174              		.loc 1 61 3 view .LVU46
 175 00ae DFF8A480 		ldr	r8, .L3+20
 176 00b2 2246     		mov	r2, r4
 177 00b4 40F2FF11 		movw	r1, #511
 178 00b8 4046     		mov	r0, r8
 179 00ba FFF7FEFF 		bl	HAL_GPIO_WritePin
 180              	.LVL1:
  62:Core/Src/gpio.c ****                           |S5_Pin|S6_Pin|S7_Pin|DIGIT1_Pin
  63:Core/Src/gpio.c ****                           |DIGIT2_Pin, GPIO_PIN_RESET);
  64:Core/Src/gpio.c **** 
  65:Core/Src/gpio.c ****   /*Configure GPIO pin Output Level */
  66:Core/Src/gpio.c ****   HAL_GPIO_WritePin(GPIOD, LED3_Pin|LED4_Pin|TX2_EN_Pin, GPIO_PIN_RESET);
 181              		.loc 1 66 3 view .LVU47
 182 00be 214F     		ldr	r7, .L3+4
 183 00c0 2246     		mov	r2, r4
 184 00c2 46F20201 		movw	r1, #24578
 185 00c6 3846     		mov	r0, r7
 186 00c8 FFF7FEFF 		bl	HAL_GPIO_WritePin
 187              	.LVL2:
  67:Core/Src/gpio.c **** 
  68:Core/Src/gpio.c ****   /*Configure GPIO pin Output Level */
  69:Core/Src/gpio.c ****   HAL_GPIO_WritePin(TX1_EN_GPIO_Port, TX1_EN_Pin, GPIO_PIN_RESET);
 188              		.loc 1 69 3 view .LVU48
 189 00cc 1E4E     		ldr	r6, .L3+8
 190 00ce 2246     		mov	r2, r4
 191 00d0 4FF48051 		mov	r1, #4096
 192 00d4 3046     		mov	r0, r6
 193 00d6 FFF7FEFF 		bl	HAL_GPIO_WritePin
 194              	.LVL3:
  70:Core/Src/gpio.c **** 
  71:Core/Src/gpio.c ****   /*Configure GPIO pins : PEPin PEPin PEPin PEPin
  72:Core/Src/gpio.c ****                            PEPin PEPin */
  73:Core/Src/gpio.c ****   GPIO_InitStruct.Pin = D6_Pin|D7_Pin|RS_Pin|EN_Pin
 195              		.loc 1 73 3 view .LVU49
 196              		.loc 1 73 23 is_stmt 0 view .LVU50
 197 00da 3F23     		movs	r3, #63
 198 00dc 0793     		str	r3, [sp, #28]
  74:Core/Src/gpio.c ****                           |D4_Pin|D5_Pin;
  75:Core/Src/gpio.c ****   GPIO_InitStruct.Mode = GPIO_MODE_OUTPUT_PP;
 199              		.loc 1 75 3 is_stmt 1 view .LVU51
 200              		.loc 1 75 24 is_stmt 0 view .LVU52
 201 00de 0125     		movs	r5, #1
 202 00e0 0895     		str	r5, [sp, #32]
  76:Core/Src/gpio.c ****   GPIO_InitStruct.Pull = GPIO_NOPULL;
 203              		.loc 1 76 3 is_stmt 1 view .LVU53
 204              		.loc 1 76 24 is_stmt 0 view .LVU54
 205 00e2 0994     		str	r4, [sp, #36]
  77:Core/Src/gpio.c ****   GPIO_InitStruct.Speed = GPIO_SPEED_FREQ_LOW;
 206              		.loc 1 77 3 is_stmt 1 view .LVU55
 207              		.loc 1 77 25 is_stmt 0 view .LVU56
 208 00e4 0A94     		str	r4, [sp, #40]
  78:Core/Src/gpio.c ****   HAL_GPIO_Init(GPIOE, &GPIO_InitStruct);
ARM GAS  /tmp/ccYSBdAa.s 			page 6


 209              		.loc 1 78 3 is_stmt 1 view .LVU57
 210 00e6 07A9     		add	r1, sp, #28
 211 00e8 4846     		mov	r0, r9
 212 00ea FFF7FEFF 		bl	HAL_GPIO_Init
 213              	.LVL4:
  79:Core/Src/gpio.c **** 
  80:Core/Src/gpio.c ****   /*Configure GPIO pins : PFPin PFPin PFPin PFPin
  81:Core/Src/gpio.c ****                            PFPin PFPin PFPin PFPin
  82:Core/Src/gpio.c ****                            PFPin */
  83:Core/Src/gpio.c ****   GPIO_InitStruct.Pin = S1_Pin|S2_Pin|S3_Pin|S4_Pin
 214              		.loc 1 83 3 view .LVU58
 215              		.loc 1 83 23 is_stmt 0 view .LVU59
 216 00ee 40F2FF13 		movw	r3, #511
 217 00f2 0793     		str	r3, [sp, #28]
  84:Core/Src/gpio.c ****                           |S5_Pin|S6_Pin|S7_Pin|DIGIT1_Pin
  85:Core/Src/gpio.c ****                           |DIGIT2_Pin;
  86:Core/Src/gpio.c ****   GPIO_InitStruct.Mode = GPIO_MODE_OUTPUT_PP;
 218              		.loc 1 86 3 is_stmt 1 view .LVU60
 219              		.loc 1 86 24 is_stmt 0 view .LVU61
 220 00f4 0895     		str	r5, [sp, #32]
  87:Core/Src/gpio.c ****   GPIO_InitStruct.Pull = GPIO_NOPULL;
 221              		.loc 1 87 3 is_stmt 1 view .LVU62
 222              		.loc 1 87 24 is_stmt 0 view .LVU63
 223 00f6 0994     		str	r4, [sp, #36]
  88:Core/Src/gpio.c ****   GPIO_InitStruct.Speed = GPIO_SPEED_FREQ_LOW;
 224              		.loc 1 88 3 is_stmt 1 view .LVU64
 225              		.loc 1 88 25 is_stmt 0 view .LVU65
 226 00f8 0A94     		str	r4, [sp, #40]
  89:Core/Src/gpio.c ****   HAL_GPIO_Init(GPIOF, &GPIO_InitStruct);
 227              		.loc 1 89 3 is_stmt 1 view .LVU66
 228 00fa 07A9     		add	r1, sp, #28
 229 00fc 4046     		mov	r0, r8
 230 00fe FFF7FEFF 		bl	HAL_GPIO_Init
 231              	.LVL5:
  90:Core/Src/gpio.c **** 
  91:Core/Src/gpio.c ****   /*Configure GPIO pins : PDPin PDPin PDPin */
  92:Core/Src/gpio.c ****   GPIO_InitStruct.Pin = LED3_Pin|LED4_Pin|TX2_EN_Pin;
 232              		.loc 1 92 3 view .LVU67
 233              		.loc 1 92 23 is_stmt 0 view .LVU68
 234 0102 46F20203 		movw	r3, #24578
 235 0106 0793     		str	r3, [sp, #28]
  93:Core/Src/gpio.c ****   GPIO_InitStruct.Mode = GPIO_MODE_OUTPUT_PP;
 236              		.loc 1 93 3 is_stmt 1 view .LVU69
 237              		.loc 1 93 24 is_stmt 0 view .LVU70
 238 0108 0895     		str	r5, [sp, #32]
  94:Core/Src/gpio.c ****   GPIO_InitStruct.Pull = GPIO_NOPULL;
 239              		.loc 1 94 3 is_stmt 1 view .LVU71
 240              		.loc 1 94 24 is_stmt 0 view .LVU72
 241 010a 0994     		str	r4, [sp, #36]
  95:Core/Src/gpio.c ****   GPIO_InitStruct.Speed = GPIO_SPEED_FREQ_LOW;
 242              		.loc 1 95 3 is_stmt 1 view .LVU73
 243              		.loc 1 95 25 is_stmt 0 view .LVU74
 244 010c 0A94     		str	r4, [sp, #40]
  96:Core/Src/gpio.c ****   HAL_GPIO_Init(GPIOD, &GPIO_InitStruct);
 245              		.loc 1 96 3 is_stmt 1 view .LVU75
 246 010e 07A9     		add	r1, sp, #28
 247 0110 3846     		mov	r0, r7
ARM GAS  /tmp/ccYSBdAa.s 			page 7


 248 0112 FFF7FEFF 		bl	HAL_GPIO_Init
 249              	.LVL6:
  97:Core/Src/gpio.c **** 
  98:Core/Src/gpio.c ****   /*Configure GPIO pins : PGPin PGPin */
  99:Core/Src/gpio.c ****   GPIO_InitStruct.Pin = KEY1_Pin|KEY2_Pin;
 250              		.loc 1 99 3 view .LVU76
 251              		.loc 1 99 23 is_stmt 0 view .LVU77
 252 0116 0C23     		movs	r3, #12
 253 0118 0793     		str	r3, [sp, #28]
 100:Core/Src/gpio.c ****   GPIO_InitStruct.Mode = GPIO_MODE_INPUT;
 254              		.loc 1 100 3 is_stmt 1 view .LVU78
 255              		.loc 1 100 24 is_stmt 0 view .LVU79
 256 011a 0894     		str	r4, [sp, #32]
 101:Core/Src/gpio.c ****   GPIO_InitStruct.Pull = GPIO_PULLUP;
 257              		.loc 1 101 3 is_stmt 1 view .LVU80
 258              		.loc 1 101 24 is_stmt 0 view .LVU81
 259 011c 0995     		str	r5, [sp, #36]
 102:Core/Src/gpio.c ****   HAL_GPIO_Init(GPIOG, &GPIO_InitStruct);
 260              		.loc 1 102 3 is_stmt 1 view .LVU82
 261 011e 07A9     		add	r1, sp, #28
 262 0120 0A48     		ldr	r0, .L3+12
 263 0122 FFF7FEFF 		bl	HAL_GPIO_Init
 264              	.LVL7:
 103:Core/Src/gpio.c **** 
 104:Core/Src/gpio.c ****   /*Configure GPIO pin : PtPin */
 105:Core/Src/gpio.c ****   GPIO_InitStruct.Pin = TX1_EN_Pin;
 265              		.loc 1 105 3 view .LVU83
 266              		.loc 1 105 23 is_stmt 0 view .LVU84
 267 0126 4FF48053 		mov	r3, #4096
 268 012a 0793     		str	r3, [sp, #28]
 106:Core/Src/gpio.c ****   GPIO_InitStruct.Mode = GPIO_MODE_OUTPUT_PP;
 269              		.loc 1 106 3 is_stmt 1 view .LVU85
 270              		.loc 1 106 24 is_stmt 0 view .LVU86
 271 012c 0895     		str	r5, [sp, #32]
 107:Core/Src/gpio.c ****   GPIO_InitStruct.Pull = GPIO_NOPULL;
 272              		.loc 1 107 3 is_stmt 1 view .LVU87
 273              		.loc 1 107 24 is_stmt 0 view .LVU88
 274 012e 0994     		str	r4, [sp, #36]
 108:Core/Src/gpio.c ****   GPIO_InitStruct.Speed = GPIO_SPEED_FREQ_LOW;
 275              		.loc 1 108 3 is_stmt 1 view .LVU89
 276              		.loc 1 108 25 is_stmt 0 view .LVU90
 277 0130 0A94     		str	r4, [sp, #40]
 109:Core/Src/gpio.c ****   HAL_GPIO_Init(TX1_EN_GPIO_Port, &GPIO_InitStruct);
 278              		.loc 1 109 3 is_stmt 1 view .LVU91
 279 0132 07A9     		add	r1, sp, #28
 280 0134 3046     		mov	r0, r6
 281 0136 FFF7FEFF 		bl	HAL_GPIO_Init
 282              	.LVL8:
 110:Core/Src/gpio.c **** 
 111:Core/Src/gpio.c **** }
 283              		.loc 1 111 1 is_stmt 0 view .LVU92
 284 013a 0DB0     		add	sp, sp, #52
 285              	.LCFI2:
 286              		.cfi_def_cfa_offset 28
 287              		@ sp needed
 288 013c BDE8F083 		pop	{r4, r5, r6, r7, r8, r9, pc}
 289              	.L4:
ARM GAS  /tmp/ccYSBdAa.s 			page 8


 290              		.align	2
 291              	.L3:
 292 0140 00380240 		.word	1073887232
 293 0144 000C0240 		.word	1073875968
 294 0148 00000240 		.word	1073872896
 295 014c 00180240 		.word	1073879040
 296 0150 00100240 		.word	1073876992
 297 0154 00140240 		.word	1073878016
 298              		.cfi_endproc
 299              	.LFE130:
 301              		.text
 302              	.Letext0:
 303              		.file 2 "/usr/lib/gcc/arm-none-eabi/10.3.1/include/stdint.h"
 304              		.file 3 "Drivers/CMSIS/Device/ST/STM32F4xx/Include/stm32f429xx.h"
 305              		.file 4 "Drivers/STM32F4xx_HAL_Driver/Inc/stm32f4xx_hal_gpio.h"
ARM GAS  /tmp/ccYSBdAa.s 			page 9


DEFINED SYMBOLS
                            *ABS*:0000000000000000 gpio.c
     /tmp/ccYSBdAa.s:18     .text.MX_GPIO_Init:0000000000000000 $t
     /tmp/ccYSBdAa.s:26     .text.MX_GPIO_Init:0000000000000000 MX_GPIO_Init
     /tmp/ccYSBdAa.s:292    .text.MX_GPIO_Init:0000000000000140 $d

UNDEFINED SYMBOLS
HAL_GPIO_WritePin
HAL_GPIO_Init
