ARM GAS  /tmp/ccQmBOtK.s 			page 1


   1              		.cpu cortex-m4
   2              		.arch armv7e-m
   3              		.fpu fpv4-sp-d16
   4              		.eabi_attribute 27, 1
   5              		.eabi_attribute 28, 1
   6              		.eabi_attribute 20, 1
   7              		.eabi_attribute 21, 1
   8              		.eabi_attribute 23, 3
   9              		.eabi_attribute 24, 1
  10              		.eabi_attribute 25, 1
  11              		.eabi_attribute 26, 1
  12              		.eabi_attribute 30, 1
  13              		.eabi_attribute 34, 1
  14              		.eabi_attribute 18, 4
  15              		.file	"lcd16x2.c"
  16              		.text
  17              	.Ltext0:
  18              		.cfi_sections	.debug_frame
  19              		.section	.text.send_to_lcd,"ax",%progbits
  20              		.align	1
  21              		.global	send_to_lcd
  22              		.syntax unified
  23              		.thumb
  24              		.thumb_func
  26              	send_to_lcd:
  27              	.LVL0:
  28              	.LFB130:
  29              		.file 1 "Core/Src/lcd16x2.c"
   1:Core/Src/lcd16x2.c **** #include "lcd16x2.h"
   2:Core/Src/lcd16x2.c **** //extern unsigned char f_timer_100us =0;
   3:Core/Src/lcd16x2.c **** 
   4:Core/Src/lcd16x2.c **** void send_to_lcd(char data)
   5:Core/Src/lcd16x2.c **** {
  30              		.loc 1 5 1 view -0
  31              		.cfi_startproc
  32              		@ args = 0, pretend = 0, frame = 0
  33              		@ frame_needed = 0, uses_anonymous_args = 0
  34              		.loc 1 5 1 is_stmt 0 view .LVU1
  35 0000 10B5     		push	{r4, lr}
  36              	.LCFI0:
  37              		.cfi_def_cfa_offset 8
  38              		.cfi_offset 4, -8
  39              		.cfi_offset 14, -4
   6:Core/Src/lcd16x2.c **** 
   7:Core/Src/lcd16x2.c **** 	//writing data to pin PE0~PE3
   8:Core/Src/lcd16x2.c **** 	GPIOE->ODR =  (GPIOE->ODR & 0xFFFFFFF0) | data;
  40              		.loc 1 8 2 is_stmt 1 view .LVU2
  41              		.loc 1 8 22 is_stmt 0 view .LVU3
  42 0002 0B4C     		ldr	r4, .L3
  43 0004 6369     		ldr	r3, [r4, #20]
  44              		.loc 1 8 28 view .LVU4
  45 0006 23F00F03 		bic	r3, r3, #15
  46              		.loc 1 8 42 view .LVU5
  47 000a 1843     		orrs	r0, r0, r3
  48              	.LVL1:
  49              		.loc 1 8 13 view .LVU6
  50 000c 6061     		str	r0, [r4, #20]
ARM GAS  /tmp/ccQmBOtK.s 			page 2


   9:Core/Src/lcd16x2.c **** 
  10:Core/Src/lcd16x2.c **** /*
  11:Core/Src/lcd16x2.c **** 	HAL_GPIO_WritePin(D7_GPIO_Port, D7_Pin, ((data>>3)&0x01));
  12:Core/Src/lcd16x2.c **** 	HAL_GPIO_WritePin(D6_GPIO_Port, D6_Pin, ((data>>2)&0x01));
  13:Core/Src/lcd16x2.c **** 	HAL_GPIO_WritePin(D5_GPIO_Port, D5_Pin, ((data>>1)&0x01));
  14:Core/Src/lcd16x2.c **** 	HAL_GPIO_WritePin(D4_GPIO_Port, D4_Pin, ((data>>0)&0x01));
  15:Core/Src/lcd16x2.c **** */
  16:Core/Src/lcd16x2.c **** 
  17:Core/Src/lcd16x2.c **** 	HAL_GPIO_WritePin(EN_GPIO_Port, EN_Pin, 1);
  51              		.loc 1 17 2 is_stmt 1 view .LVU7
  52 000e 0122     		movs	r2, #1
  53 0010 2021     		movs	r1, #32
  54 0012 2046     		mov	r0, r4
  55 0014 FFF7FEFF 		bl	HAL_GPIO_WritePin
  56              	.LVL2:
  18:Core/Src/lcd16x2.c **** 	HAL_Delay(1);
  57              		.loc 1 18 2 view .LVU8
  58 0018 0120     		movs	r0, #1
  59 001a FFF7FEFF 		bl	HAL_Delay
  60              	.LVL3:
  19:Core/Src/lcd16x2.c ****     HAL_GPIO_WritePin(EN_GPIO_Port, EN_Pin, 0);
  61              		.loc 1 19 5 view .LVU9
  62 001e 0022     		movs	r2, #0
  63 0020 2021     		movs	r1, #32
  64 0022 2046     		mov	r0, r4
  65 0024 FFF7FEFF 		bl	HAL_GPIO_WritePin
  66              	.LVL4:
  20:Core/Src/lcd16x2.c ****     HAL_Delay(1);
  67              		.loc 1 20 5 view .LVU10
  68 0028 0120     		movs	r0, #1
  69 002a FFF7FEFF 		bl	HAL_Delay
  70              	.LVL5:
  21:Core/Src/lcd16x2.c **** }
  71              		.loc 1 21 1 is_stmt 0 view .LVU11
  72 002e 10BD     		pop	{r4, pc}
  73              	.L4:
  74              		.align	2
  75              	.L3:
  76 0030 00100240 		.word	1073876992
  77              		.cfi_endproc
  78              	.LFE130:
  80              		.section	.text.lcd_cmd,"ax",%progbits
  81              		.align	1
  82              		.global	lcd_cmd
  83              		.syntax unified
  84              		.thumb
  85              		.thumb_func
  87              	lcd_cmd:
  88              	.LVL6:
  89              	.LFB131:
  22:Core/Src/lcd16x2.c **** 
  23:Core/Src/lcd16x2.c **** 
  24:Core/Src/lcd16x2.c **** 
  25:Core/Src/lcd16x2.c **** void lcd_cmd(char cmd)
  26:Core/Src/lcd16x2.c **** {
  90              		.loc 1 26 1 is_stmt 1 view -0
  91              		.cfi_startproc
ARM GAS  /tmp/ccQmBOtK.s 			page 3


  92              		@ args = 0, pretend = 0, frame = 0
  93              		@ frame_needed = 0, uses_anonymous_args = 0
  94              		.loc 1 26 1 is_stmt 0 view .LVU13
  95 0000 10B5     		push	{r4, lr}
  96              	.LCFI1:
  97              		.cfi_def_cfa_offset 8
  98              		.cfi_offset 4, -8
  99              		.cfi_offset 14, -4
 100 0002 0446     		mov	r4, r0
  27:Core/Src/lcd16x2.c **** 	HAL_GPIO_WritePin(RS_GPIO_Port, RS_Pin, 0);
 101              		.loc 1 27 2 is_stmt 1 view .LVU14
 102 0004 0022     		movs	r2, #0
 103 0006 1021     		movs	r1, #16
 104 0008 0548     		ldr	r0, .L7
 105              	.LVL7:
 106              		.loc 1 27 2 is_stmt 0 view .LVU15
 107 000a FFF7FEFF 		bl	HAL_GPIO_WritePin
 108              	.LVL8:
  28:Core/Src/lcd16x2.c **** 
  29:Core/Src/lcd16x2.c **** 	send_to_lcd((cmd>>4)&0x0f);
 109              		.loc 1 29 2 is_stmt 1 view .LVU16
 110 000e 2009     		lsrs	r0, r4, #4
 111 0010 FFF7FEFF 		bl	send_to_lcd
 112              	.LVL9:
  30:Core/Src/lcd16x2.c **** 	send_to_lcd(cmd&0x0f);
 113              		.loc 1 30 2 view .LVU17
 114 0014 04F00F00 		and	r0, r4, #15
 115 0018 FFF7FEFF 		bl	send_to_lcd
 116              	.LVL10:
  31:Core/Src/lcd16x2.c **** 
  32:Core/Src/lcd16x2.c **** }
 117              		.loc 1 32 1 is_stmt 0 view .LVU18
 118 001c 10BD     		pop	{r4, pc}
 119              	.L8:
 120 001e 00BF     		.align	2
 121              	.L7:
 122 0020 00100240 		.word	1073876992
 123              		.cfi_endproc
 124              	.LFE131:
 126              		.section	.text.lcd_data,"ax",%progbits
 127              		.align	1
 128              		.global	lcd_data
 129              		.syntax unified
 130              		.thumb
 131              		.thumb_func
 133              	lcd_data:
 134              	.LVL11:
 135              	.LFB132:
  33:Core/Src/lcd16x2.c **** 
  34:Core/Src/lcd16x2.c **** void lcd_data(char data)
  35:Core/Src/lcd16x2.c **** {
 136              		.loc 1 35 1 is_stmt 1 view -0
 137              		.cfi_startproc
 138              		@ args = 0, pretend = 0, frame = 0
 139              		@ frame_needed = 0, uses_anonymous_args = 0
 140              		.loc 1 35 1 is_stmt 0 view .LVU20
 141 0000 10B5     		push	{r4, lr}
ARM GAS  /tmp/ccQmBOtK.s 			page 4


 142              	.LCFI2:
 143              		.cfi_def_cfa_offset 8
 144              		.cfi_offset 4, -8
 145              		.cfi_offset 14, -4
 146 0002 0446     		mov	r4, r0
  36:Core/Src/lcd16x2.c **** 	HAL_GPIO_WritePin(RS_GPIO_Port, RS_Pin, 1);
 147              		.loc 1 36 2 is_stmt 1 view .LVU21
 148 0004 0122     		movs	r2, #1
 149 0006 1021     		movs	r1, #16
 150 0008 0548     		ldr	r0, .L11
 151              	.LVL12:
 152              		.loc 1 36 2 is_stmt 0 view .LVU22
 153 000a FFF7FEFF 		bl	HAL_GPIO_WritePin
 154              	.LVL13:
  37:Core/Src/lcd16x2.c **** 
  38:Core/Src/lcd16x2.c **** 	send_to_lcd((data>>4)&0x0f);
 155              		.loc 1 38 2 is_stmt 1 view .LVU23
 156 000e 2009     		lsrs	r0, r4, #4
 157 0010 FFF7FEFF 		bl	send_to_lcd
 158              	.LVL14:
  39:Core/Src/lcd16x2.c **** 	send_to_lcd(data&0x0f);
 159              		.loc 1 39 2 view .LVU24
 160 0014 04F00F00 		and	r0, r4, #15
 161 0018 FFF7FEFF 		bl	send_to_lcd
 162              	.LVL15:
  40:Core/Src/lcd16x2.c **** }
 163              		.loc 1 40 1 is_stmt 0 view .LVU25
 164 001c 10BD     		pop	{r4, pc}
 165              	.L12:
 166 001e 00BF     		.align	2
 167              	.L11:
 168 0020 00100240 		.word	1073876992
 169              		.cfi_endproc
 170              	.LFE132:
 172              		.section	.text.lcd_write_string,"ax",%progbits
 173              		.align	1
 174              		.global	lcd_write_string
 175              		.syntax unified
 176              		.thumb
 177              		.thumb_func
 179              	lcd_write_string:
 180              	.LVL16:
 181              	.LFB133:
  41:Core/Src/lcd16x2.c **** 
  42:Core/Src/lcd16x2.c **** void lcd_write_string(char *s)
  43:Core/Src/lcd16x2.c **** {
 182              		.loc 1 43 1 is_stmt 1 view -0
 183              		.cfi_startproc
 184              		@ args = 0, pretend = 0, frame = 0
 185              		@ frame_needed = 0, uses_anonymous_args = 0
 186              		.loc 1 43 1 is_stmt 0 view .LVU27
 187 0000 38B5     		push	{r3, r4, r5, lr}
 188              	.LCFI3:
 189              		.cfi_def_cfa_offset 16
 190              		.cfi_offset 3, -16
 191              		.cfi_offset 4, -12
 192              		.cfi_offset 5, -8
ARM GAS  /tmp/ccQmBOtK.s 			page 5


 193              		.cfi_offset 14, -4
 194 0002 0546     		mov	r5, r0
  44:Core/Src/lcd16x2.c **** 	for(int i=0;s[i]!=0;i++) lcd_data(s[i]);
 195              		.loc 1 44 2 is_stmt 1 view .LVU28
 196              	.LBB2:
 197              		.loc 1 44 6 view .LVU29
 198              	.LVL17:
 199              		.loc 1 44 10 is_stmt 0 view .LVU30
 200 0004 0024     		movs	r4, #0
 201              		.loc 1 44 2 view .LVU31
 202 0006 02E0     		b	.L14
 203              	.LVL18:
 204              	.L15:
 205              		.loc 1 44 27 is_stmt 1 discriminator 3 view .LVU32
 206 0008 FFF7FEFF 		bl	lcd_data
 207              	.LVL19:
 208              		.loc 1 44 23 discriminator 3 view .LVU33
 209 000c 0134     		adds	r4, r4, #1
 210              	.LVL20:
 211              	.L14:
 212              		.loc 1 44 18 discriminator 1 view .LVU34
 213              		.loc 1 44 15 is_stmt 0 discriminator 1 view .LVU35
 214 000e 285D     		ldrb	r0, [r5, r4]	@ zero_extendqisi2
 215              		.loc 1 44 18 discriminator 1 view .LVU36
 216 0010 0028     		cmp	r0, #0
 217 0012 F9D1     		bne	.L15
 218              	.LBE2:
  45:Core/Src/lcd16x2.c **** 
  46:Core/Src/lcd16x2.c **** }
 219              		.loc 1 46 1 view .LVU37
 220 0014 38BD     		pop	{r3, r4, r5, pc}
 221              		.loc 1 46 1 view .LVU38
 222              		.cfi_endproc
 223              	.LFE133:
 225              		.section	.text.lcd_init,"ax",%progbits
 226              		.align	1
 227              		.global	lcd_init
 228              		.syntax unified
 229              		.thumb
 230              		.thumb_func
 232              	lcd_init:
 233              	.LFB134:
  47:Core/Src/lcd16x2.c **** 
  48:Core/Src/lcd16x2.c **** void lcd_init(void)
  49:Core/Src/lcd16x2.c **** {
 234              		.loc 1 49 1 is_stmt 1 view -0
 235              		.cfi_startproc
 236              		@ args = 0, pretend = 0, frame = 0
 237              		@ frame_needed = 0, uses_anonymous_args = 0
 238 0000 08B5     		push	{r3, lr}
 239              	.LCFI4:
 240              		.cfi_def_cfa_offset 8
 241              		.cfi_offset 3, -8
 242              		.cfi_offset 14, -4
  50:Core/Src/lcd16x2.c ****     // 4 bit initialization
  51:Core/Src/lcd16x2.c ****   HAL_Delay(50);  // wait for >40ms
 243              		.loc 1 51 3 view .LVU40
ARM GAS  /tmp/ccQmBOtK.s 			page 6


 244 0002 3220     		movs	r0, #50
 245 0004 FFF7FEFF 		bl	HAL_Delay
 246              	.LVL21:
  52:Core/Src/lcd16x2.c ****  /*lcd_cmd (0x30);
  53:Core/Src/lcd16x2.c ****   HAL_Delay(5);  // wait for >4.1ms
  54:Core/Src/lcd16x2.c ****   lcd_cmd (0x30);
  55:Core/Src/lcd16x2.c ****   HAL_Delay(1);  // wait for >100us
  56:Core/Src/lcd16x2.c ****   lcd_cmd (0x30);
  57:Core/Src/lcd16x2.c ****   HAL_Delay(1);
  58:Core/Src/lcd16x2.c ****   lcd_cmd (0x20);  // 4bit mode
  59:Core/Src/lcd16x2.c ****   HAL_Delay(1);
  60:Core/Src/lcd16x2.c **** */
  61:Core/Src/lcd16x2.c **** // dislay initialization
  62:Core/Src/lcd16x2.c ****   lcd_cmd (0x2);
 247              		.loc 1 62 3 view .LVU41
 248 0008 0220     		movs	r0, #2
 249 000a FFF7FEFF 		bl	lcd_cmd
 250              	.LVL22:
  63:Core/Src/lcd16x2.c ****   lcd_cmd (0x28); // Function set --> DL=0 (4 bit mode), N = 1 (2 line display) F = 0 (5x8 characte
 251              		.loc 1 63 3 view .LVU42
 252 000e 2820     		movs	r0, #40
 253 0010 FFF7FEFF 		bl	lcd_cmd
 254              	.LVL23:
  64:Core/Src/lcd16x2.c ****   HAL_Delay(1);
 255              		.loc 1 64 3 view .LVU43
 256 0014 0120     		movs	r0, #1
 257 0016 FFF7FEFF 		bl	HAL_Delay
 258              	.LVL24:
  65:Core/Src/lcd16x2.c ****   lcd_cmd (0x08); //Display on/off control --> D=0,C=0, B=0  ---> display off
 259              		.loc 1 65 3 view .LVU44
 260 001a 0820     		movs	r0, #8
 261 001c FFF7FEFF 		bl	lcd_cmd
 262              	.LVL25:
  66:Core/Src/lcd16x2.c ****   HAL_Delay(1);
 263              		.loc 1 66 3 view .LVU45
 264 0020 0120     		movs	r0, #1
 265 0022 FFF7FEFF 		bl	HAL_Delay
 266              	.LVL26:
  67:Core/Src/lcd16x2.c ****   lcd_cmd (0x01);  // clear display
 267              		.loc 1 67 3 view .LVU46
 268 0026 0120     		movs	r0, #1
 269 0028 FFF7FEFF 		bl	lcd_cmd
 270              	.LVL27:
  68:Core/Src/lcd16x2.c ****   HAL_Delay(1);
 271              		.loc 1 68 3 view .LVU47
 272 002c 0120     		movs	r0, #1
 273 002e FFF7FEFF 		bl	HAL_Delay
 274              	.LVL28:
  69:Core/Src/lcd16x2.c ****   lcd_cmd (0x06); //Entry mode set --> I/D = 1 (increment cursor) & S = 0 (no shift)
 275              		.loc 1 69 3 view .LVU48
 276 0032 0620     		movs	r0, #6
 277 0034 FFF7FEFF 		bl	lcd_cmd
 278              	.LVL29:
  70:Core/Src/lcd16x2.c ****   HAL_Delay(1);
 279              		.loc 1 70 3 view .LVU49
 280 0038 0120     		movs	r0, #1
 281 003a FFF7FEFF 		bl	HAL_Delay
ARM GAS  /tmp/ccQmBOtK.s 			page 7


 282              	.LVL30:
  71:Core/Src/lcd16x2.c ****   lcd_cmd (0x0C); //Display on/off control --> D = 1, C and B = 0. (Cursor and blink, last two bits
 283              		.loc 1 71 3 view .LVU50
 284 003e 0C20     		movs	r0, #12
 285 0040 FFF7FEFF 		bl	lcd_cmd
 286              	.LVL31:
  72:Core/Src/lcd16x2.c **** }
 287              		.loc 1 72 1 is_stmt 0 view .LVU51
 288 0044 08BD     		pop	{r3, pc}
 289              		.cfi_endproc
 290              	.LFE134:
 292              		.section	.text.lcd_set_pos,"ax",%progbits
 293              		.align	1
 294              		.global	lcd_set_pos
 295              		.syntax unified
 296              		.thumb
 297              		.thumb_func
 299              	lcd_set_pos:
 300              	.LVL32:
 301              	.LFB135:
  73:Core/Src/lcd16x2.c **** 
  74:Core/Src/lcd16x2.c **** void lcd_set_pos(int row, int col)
  75:Core/Src/lcd16x2.c **** {
 302              		.loc 1 75 1 is_stmt 1 view -0
 303              		.cfi_startproc
 304              		@ args = 0, pretend = 0, frame = 0
 305              		@ frame_needed = 0, uses_anonymous_args = 0
 306              		.loc 1 75 1 is_stmt 0 view .LVU53
 307 0000 08B5     		push	{r3, lr}
 308              	.LCFI5:
 309              		.cfi_def_cfa_offset 8
 310              		.cfi_offset 3, -8
 311              		.cfi_offset 14, -4
  76:Core/Src/lcd16x2.c **** 
  77:Core/Src/lcd16x2.c **** 	if (row==0)
 312              		.loc 1 77 2 is_stmt 1 view .LVU54
 313              		.loc 1 77 5 is_stmt 0 view .LVU55
 314 0002 28B9     		cbnz	r0, .L20
  78:Core/Src/lcd16x2.c **** 	{
  79:Core/Src/lcd16x2.c **** 		col |= 0x80;
 315              		.loc 1 79 3 is_stmt 1 view .LVU56
 316              		.loc 1 79 7 is_stmt 0 view .LVU57
 317 0004 41F08000 		orr	r0, r1, #128
 318              	.LVL33:
 319              	.L21:
  80:Core/Src/lcd16x2.c **** 	}
  81:Core/Src/lcd16x2.c **** 	else
  82:Core/Src/lcd16x2.c **** 	{
  83:Core/Src/lcd16x2.c **** 		col |= 0xC0;
  84:Core/Src/lcd16x2.c **** 	}
  85:Core/Src/lcd16x2.c **** 
  86:Core/Src/lcd16x2.c **** 	lcd_cmd(col);
 320              		.loc 1 86 2 is_stmt 1 view .LVU58
 321 0008 C0B2     		uxtb	r0, r0
 322              	.LVL34:
 323              		.loc 1 86 2 is_stmt 0 view .LVU59
 324 000a FFF7FEFF 		bl	lcd_cmd
ARM GAS  /tmp/ccQmBOtK.s 			page 8


 325              	.LVL35:
  87:Core/Src/lcd16x2.c **** 
  88:Core/Src/lcd16x2.c **** }
 326              		.loc 1 88 1 view .LVU60
 327 000e 08BD     		pop	{r3, pc}
 328              	.LVL36:
 329              	.L20:
  83:Core/Src/lcd16x2.c **** 	}
 330              		.loc 1 83 3 is_stmt 1 view .LVU61
  83:Core/Src/lcd16x2.c **** 	}
 331              		.loc 1 83 7 is_stmt 0 view .LVU62
 332 0010 41F0C000 		orr	r0, r1, #192
 333              	.LVL37:
  83:Core/Src/lcd16x2.c **** 	}
 334              		.loc 1 83 7 view .LVU63
 335 0014 F8E7     		b	.L21
 336              		.cfi_endproc
 337              	.LFE135:
 339              		.section	.text.lcd_clear,"ax",%progbits
 340              		.align	1
 341              		.global	lcd_clear
 342              		.syntax unified
 343              		.thumb
 344              		.thumb_func
 346              	lcd_clear:
 347              	.LFB136:
  89:Core/Src/lcd16x2.c **** 
  90:Core/Src/lcd16x2.c **** void lcd_clear(void)
  91:Core/Src/lcd16x2.c **** {
 348              		.loc 1 91 1 is_stmt 1 view -0
 349              		.cfi_startproc
 350              		@ args = 0, pretend = 0, frame = 0
 351              		@ frame_needed = 0, uses_anonymous_args = 0
 352 0000 08B5     		push	{r3, lr}
 353              	.LCFI6:
 354              		.cfi_def_cfa_offset 8
 355              		.cfi_offset 3, -8
 356              		.cfi_offset 14, -4
  92:Core/Src/lcd16x2.c **** 	 lcd_cmd(0x01);
 357              		.loc 1 92 3 view .LVU65
 358 0002 0120     		movs	r0, #1
 359 0004 FFF7FEFF 		bl	lcd_cmd
 360              	.LVL38:
  93:Core/Src/lcd16x2.c **** }
 361              		.loc 1 93 1 is_stmt 0 view .LVU66
 362 0008 08BD     		pop	{r3, pc}
 363              		.cfi_endproc
 364              	.LFE136:
 366              		.text
 367              	.Letext0:
 368              		.file 2 "/usr/arm-none-eabi/include/machine/_default_types.h"
 369              		.file 3 "/usr/arm-none-eabi/include/sys/_stdint.h"
 370              		.file 4 "Drivers/CMSIS/Device/ST/STM32F4xx/Include/stm32f429xx.h"
 371              		.file 5 "Drivers/STM32F4xx_HAL_Driver/Inc/stm32f4xx_hal_gpio.h"
 372              		.file 6 "Drivers/STM32F4xx_HAL_Driver/Inc/stm32f4xx_hal.h"
ARM GAS  /tmp/ccQmBOtK.s 			page 9


DEFINED SYMBOLS
                            *ABS*:0000000000000000 lcd16x2.c
     /tmp/ccQmBOtK.s:20     .text.send_to_lcd:0000000000000000 $t
     /tmp/ccQmBOtK.s:26     .text.send_to_lcd:0000000000000000 send_to_lcd
     /tmp/ccQmBOtK.s:76     .text.send_to_lcd:0000000000000030 $d
     /tmp/ccQmBOtK.s:81     .text.lcd_cmd:0000000000000000 $t
     /tmp/ccQmBOtK.s:87     .text.lcd_cmd:0000000000000000 lcd_cmd
     /tmp/ccQmBOtK.s:122    .text.lcd_cmd:0000000000000020 $d
     /tmp/ccQmBOtK.s:127    .text.lcd_data:0000000000000000 $t
     /tmp/ccQmBOtK.s:133    .text.lcd_data:0000000000000000 lcd_data
     /tmp/ccQmBOtK.s:168    .text.lcd_data:0000000000000020 $d
     /tmp/ccQmBOtK.s:173    .text.lcd_write_string:0000000000000000 $t
     /tmp/ccQmBOtK.s:179    .text.lcd_write_string:0000000000000000 lcd_write_string
     /tmp/ccQmBOtK.s:226    .text.lcd_init:0000000000000000 $t
     /tmp/ccQmBOtK.s:232    .text.lcd_init:0000000000000000 lcd_init
     /tmp/ccQmBOtK.s:293    .text.lcd_set_pos:0000000000000000 $t
     /tmp/ccQmBOtK.s:299    .text.lcd_set_pos:0000000000000000 lcd_set_pos
     /tmp/ccQmBOtK.s:340    .text.lcd_clear:0000000000000000 $t
     /tmp/ccQmBOtK.s:346    .text.lcd_clear:0000000000000000 lcd_clear

UNDEFINED SYMBOLS
HAL_GPIO_WritePin
HAL_Delay
